2025-02-28 17:24:19 - INFO - com.addressbook.AddressBookApp - Starting AddressBookApp using Java 23.0.1 with PID 21452 (C:\Users\DEVIL\Desktop\Capgemni\week6Temp\AddressBook app\AddressBookApp\target\classes started by DEVIL in C:\Users\DEVIL\Desktop\Capgemni\week6Temp\AddressBook app\AddressBookApp)
2025-02-28 17:24:19 - INFO - com.addressbook.AddressBookApp - No active profile set, falling back to 1 default profile: "default"
2025-02-28 17:24:19 - INFO - o.s.b.d.e.DevToolsPropertyDefaultsPostProcessor - Devtools property defaults active! Set 'spring.devtools.add-properties' to 'false' to disable
2025-02-28 17:24:19 - INFO - o.s.b.d.e.DevToolsPropertyDefaultsPostProcessor - For additional web related logging consider setting the 'logging.level.web' property to 'DEBUG'
2025-02-28 17:24:20 - INFO - o.s.d.r.c.RepositoryConfigurationDelegate - Bootstrapping Spring Data JPA repositories in DEFAULT mode.
2025-02-28 17:24:20 - INFO - o.s.d.r.c.RepositoryConfigurationDelegate - Finished Spring Data repository scanning in 14 ms. Found 0 JPA repository interfaces.
2025-02-28 17:24:21 - INFO - o.s.b.w.e.tomcat.TomcatWebServer - Tomcat initialized with port 8080 (http)
2025-02-28 17:24:21 - INFO - o.a.catalina.core.StandardService - Starting service [Tomcat]
2025-02-28 17:24:21 - INFO - o.a.catalina.core.StandardEngine - Starting Servlet engine: [Apache Tomcat/10.1.36]
2025-02-28 17:24:21 - INFO - o.a.c.c.C.[Tomcat].[localhost].[/] - Initializing Spring embedded WebApplicationContext
2025-02-28 17:24:21 - INFO - o.s.b.w.s.c.ServletWebServerApplicationContext - Root WebApplicationContext: initialization completed in 1731 ms
2025-02-28 17:24:21 - INFO - o.h.jpa.internal.util.LogHelper - HHH000204: Processing PersistenceUnitInfo [name: default]
2025-02-28 17:24:21 - INFO - org.hibernate.Version - HHH000412: Hibernate ORM core version 6.6.8.Final
2025-02-28 17:24:21 - INFO - o.h.c.i.RegionFactoryInitiator - HHH000026: Second-level cache disabled
2025-02-28 17:24:22 - INFO - o.s.o.j.p.SpringPersistenceUnitInfo - No LoadTimeWeaver setup: ignoring JPA class transformer
2025-02-28 17:24:22 - INFO - com.zaxxer.hikari.HikariDataSource - HikariPool-1 - Starting...
2025-02-28 17:24:22 - INFO - com.zaxxer.hikari.pool.HikariPool - HikariPool-1 - Added connection com.mysql.cj.jdbc.ConnectionImpl@34d7c23d
2025-02-28 17:24:22 - INFO - com.zaxxer.hikari.HikariDataSource - HikariPool-1 - Start completed.
2025-02-28 17:24:22 - WARN - org.hibernate.orm.deprecation - HHH90000025: MySQL8Dialect does not need to be specified explicitly using 'hibernate.dialect' (remove the property setting and it will be selected by default)
2025-02-28 17:24:22 - WARN - org.hibernate.orm.deprecation - HHH90000026: MySQL8Dialect has been deprecated; use org.hibernate.dialect.MySQLDialect instead
2025-02-28 17:24:22 - INFO - o.hibernate.orm.connections.pooling - HHH10001005: Database info:
	Database JDBC URL [Connecting through datasource 'HikariDataSource (HikariPool-1)']
	Database driver: undefined/unknown
	Database version: 8.0
	Autocommit mode: undefined/unknown
	Isolation level: undefined/unknown
	Minimum pool size: undefined/unknown
	Maximum pool size: undefined/unknown
2025-02-28 17:24:23 - INFO - o.h.e.t.j.p.i.JtaPlatformInitiator - HHH000489: No JTA platform available (set 'hibernate.transaction.jta.platform' to enable JTA platform integration)
2025-02-28 17:24:23 - INFO - o.s.o.j.LocalContainerEntityManagerFactoryBean - Initialized JPA EntityManagerFactory for persistence unit 'default'
2025-02-28 17:24:23 - WARN - o.s.b.a.o.j.JpaBaseConfiguration$JpaWebConfiguration - spring.jpa.open-in-view is enabled by default. Therefore, database queries may be performed during view rendering. Explicitly configure spring.jpa.open-in-view to disable this warning
2025-02-28 17:24:24 - INFO - o.s.b.d.a.OptionalLiveReloadServer - LiveReload server is running on port 35729
2025-02-28 17:24:24 - INFO - o.s.b.w.e.tomcat.TomcatWebServer - Tomcat started on port 8080 (http) with context path '/'
2025-02-28 17:24:24 - INFO - com.addressbook.AddressBookApp - Started AddressBookApp in 5.334 seconds (process running for 5.969)
2025-02-28 17:24:24 - INFO - com.addressbook.AddressBookApp - Spring app is running
2025-02-28 17:24:35 - INFO - o.a.c.c.C.[Tomcat].[localhost].[/] - Initializing Spring DispatcherServlet 'dispatcherServlet'
2025-02-28 17:24:35 - INFO - o.s.web.servlet.DispatcherServlet - Initializing Servlet 'dispatcherServlet'
2025-02-28 17:24:35 - INFO - o.s.web.servlet.DispatcherServlet - Completed initialization in 0 ms
2025-02-28 17:24:35 - INFO - c.addressbook.service.AddressService - Process to add contact started
2025-02-28 17:24:35 - INFO - c.addressbook.service.AddressService - successfully added contact
